<?xml version="1.0" encoding="UTF-8"?>
<!-- Generated by org.testng.reporters.JUnitReportReporter -->
<testsuite hostname="Vanli" failures="0" tests="2" name="com.class03.Groups" time="32.841" errors="0" timestamp="2020-01-14T20:14:43 CST" skipped="0">
  <testcase classname="com.class03.Groups" name="titleValidation" time="15.513"/>
  <testcase classname="com.class03.Groups" name="validateLogo" time="17.328"/>
</testsuite> <!-- com.class03.Groups -->
