<?xml version="1.0" encoding="UTF-8"?>
<!-- Generated by org.testng.reporters.JUnitReportReporter -->
<testsuite skipped="0" hostname="MSI" name="com.class02.AssertionsDemo" tests="3" failures="0" timestamp="2020-01-18T08:32:10 CST" time="40.641" errors="0">
  <testcase name="titleValidation" time="13.332" classname="com.class02.AssertionsDemo"/>
  <testcase name="validateLogo" time="9.577" classname="com.class02.AssertionsDemo"/>
  <testcase name="validateLogin" time="17.732" classname="com.class02.AssertionsDemo"/>
</testsuite> <!-- com.class02.AssertionsDemo -->
