<?xml version="1.0" encoding="UTF-8"?>
<!-- Generated by org.testng.reporters.JUnitReportReporter -->
<testsuite hostname="Vanli" failures="0" tests="4" name="com.class03.AlwaysRunDemo" time="0.016" errors="0" timestamp="2020-01-14T18:38:02 CST" skipped="0">
  <testcase classname="com.class03.AlwaysRunDemo" name="testMethod1" time="0.006"/>
  <testcase classname="com.class03.AlwaysRunDemo" name="testMethod1" time="0.004"/>
  <testcase classname="com.class03.AlwaysRunDemo" name="testMethod2" time="0.003"/>
  <testcase classname="com.class03.AlwaysRunDemo" name="testMethod2" time="0.003"/>
</testsuite> <!-- com.class03.AlwaysRunDemo -->
