<?xml version="1.0" encoding="UTF-8"?>
<!-- Generated by org.testng.reporters.JUnitReportReporter -->
<testsuite hostname="Vanli" failures="0" tests="2" name="com.class01.TitleLogoAndLoginVerification" time="30.050" errors="0" timestamp="2020-01-14T19:39:51 CST" skipped="0">
  <testcase classname="com.class01.TitleLogoAndLoginVerification" name="titleValidation" time="15.076"/>
  <testcase classname="com.class01.TitleLogoAndLoginVerification" name="validateLogo" time="14.974"/>
</testsuite> <!-- com.class01.TitleLogoAndLoginVerification -->
