<?xml version="1.0" encoding="UTF-8"?>
<!-- Generated by org.testng.reporters.JUnitReportReporter -->
<testsuite hostname="Vanli" failures="0" tests="2" name="com.class01.DifferentAnnatotations" time="0.015" errors="0" timestamp="2020-01-13T22:20:16 CST" skipped="0">
  <testcase classname="com.class01.DifferentAnnatotations" name="method2" time="0.015"/>
  <testcase classname="com.class01.DifferentAnnatotations" name="method1" time="0.000"/>
</testsuite> <!-- com.class01.DifferentAnnatotations -->
