<?xml version="1.0" encoding="UTF-8"?>
<!-- Generated by org.testng.reporters.JUnitReportReporter -->
<testsuite hostname="Vanli" failures="0" tests="3" name="com.class01.TestNGDemo1" time="0.000" errors="0" timestamp="2020-01-13T18:08:55 CST" skipped="0">
  <testcase classname="com.class01.TestNGDemo1" name="testThree" time="0.000"/>
  <testcase classname="com.class01.TestNGDemo1" name="testOne" time="0.000"/>
  <testcase classname="com.class01.TestNGDemo1" name="testTwo" time="0.000"/>
</testsuite> <!-- com.class01.TestNGDemo1 -->
