<?xml version="1.0" encoding="UTF-8"?>
<!-- Generated by org.testng.reporters.JUnitReportReporter -->
<testsuite hostname="Vanli" failures="0" tests="1" name="com.class02.Class02_TC1_HrmsAddEmployee" time="9.595" errors="0" timestamp="2020-01-17T15:01:37 CST" skipped="0">
  <testcase classname="com.class02.Class02_TC1_HrmsAddEmployee" name="validateAddEmpContent" time="9.595"/>
</testsuite> <!-- com.class02.Class02_TC1_HrmsAddEmployee -->
