<?xml version="1.0" encoding="UTF-8"?>
<!-- Generated by org.testng.reporters.JUnitReportReporter -->
<testsuite hostname="Vanli" failures="0" tests="1" name="com.class02.SoftAssertionDemo" time="13.924" errors="0" timestamp="2020-01-14T18:08:13 CST" skipped="0">
  <testcase classname="com.class02.SoftAssertionDemo" name="logoAndLogin" time="13.924"/>
</testsuite> <!-- com.class02.SoftAssertionDemo -->
