<?xml version="1.0" encoding="UTF-8"?>
<!-- Generated by org.testng.reporters.JUnitReportReporter -->
<testsuite hostname="Vanli" failures="0" tests="1" name="com.class01.Class01_TC2_HRMSApplicationNegativeLogin" time="0.273" errors="0" timestamp="2020-01-14T15:57:52 CST" skipped="0">
  <testcase classname="com.class01.Class01_TC2_HRMSApplicationNegativeLogin" name="verifyEmptyPasswordMessage" time="0.273"/>
</testsuite> <!-- com.class01.Class01_TC2_HRMSApplicationNegativeLogin -->
