<?xml version="1.0" encoding="UTF-8"?>
<!-- Generated by org.testng.reporters.JUnitReportReporter -->
<testsuite hostname="Vanli" failures="0" tests="3" name="com.class01.Class01_Task_1" time="0.011" errors="0" timestamp="2020-01-13T17:37:59 CST" skipped="0">
  <testcase classname="com.class01.Class01_Task_1" name="testThree" time="0.001"/>
  <testcase classname="com.class01.Class01_Task_1" name="testOne" time="0.009"/>
  <testcase classname="com.class01.Class01_Task_1" name="testTwo" time="0.001"/>
</testsuite> <!-- com.class01.Class01_Task_1 -->
