<?xml version="1.0" encoding="UTF-8"?>
<!-- Generated by org.testng.reporters.JUnitReportReporter -->
<testsuite hostname="Vanli" failures="0" tests="3" name="com.class04.ListenerDemo" time="0.014" errors="0" timestamp="2020-01-16T20:33:06 CST" skipped="0">
  <testcase classname="com.class04.ListenerDemo" name="testThree" time="0.002"/>
  <testcase classname="com.class04.ListenerDemo" name="testTwo" time="0.001"/>
  <testcase classname="com.class04.ListenerDemo" name="testOne" time="0.011"/>
</testsuite> <!-- com.class04.ListenerDemo -->
