<?xml version="1.0" encoding="UTF-8"?>
<!-- Generated by org.testng.reporters.JUnitReportReporter -->
<testsuite hostname="Vanli" failures="0" tests="3" name="ZoomWorkers.AnnotationDemo" time="0.013" errors="0" timestamp="2020-01-15T18:40:08 CST" skipped="0">
  <testcase classname="ZoomWorkers.AnnotationDemo" name="testThree" time="0.001"/>
  <testcase classname="ZoomWorkers.AnnotationDemo" name="testOne" time="0.011"/>
  <testcase classname="ZoomWorkers.AnnotationDemo" name="testTwo" time="0.001"/>
</testsuite> <!-- ZoomWorkers.AnnotationDemo -->
