<?xml version="1.0" encoding="UTF-8"?>
<!-- Generated by org.testng.reporters.JUnitReportReporter -->
<testsuite hostname="Vanli" failures="0" tests="1" name="com.class02.Class02_TC1_HRMSand_Employee" time="22.809" errors="0" timestamp="2020-01-14T17:15:18 CST" skipped="0">
  <testcase classname="com.class02.Class02_TC1_HRMSand_Employee" name="logoAndLogin" time="22.809"/>
</testsuite> <!-- com.class02.Class02_TC1_HRMSand_Employee -->
