<?xml version="1.0" encoding="UTF-8"?>
<!-- Generated by org.testng.reporters.JUnitReportReporter -->
<testsuite hostname="Vanli" failures="0" tests="2" name="com.class01.Class01_Task2" time="0.000" errors="0" timestamp="2020-01-13T22:18:25 CST" skipped="0">
  <testcase classname="com.class01.Class01_Task2" name="test1" time="0.000"/>
  <testcase classname="com.class01.Class01_Task2" name="test2" time="0.000"/>
</testsuite> <!-- com.class01.Class01_Task2 -->
