<?xml version="1.0" encoding="UTF-8"?>
<!-- Generated by org.testng.reporters.JUnitReportReporter -->
<testsuite hostname="Vanli" failures="0" tests="2" name="com.class01.Class01_TC1_HRMSApplicationLogin" time="29.365" errors="0" timestamp="2020-01-14T15:54:16 CST" skipped="0">
  <testcase classname="com.class01.Class01_TC1_HRMSApplicationLogin" name="validateLogin" time="14.835"/>
  <testcase classname="com.class01.Class01_TC1_HRMSApplicationLogin" name="syntaxDemo" time="14.530"/>
</testsuite> <!-- com.class01.Class01_TC1_HRMSApplicationLogin -->
